==41050== Memcheck, a memory error detector
==41050== Copyright (C) 2002-2017, and GNU GPL'd, by Julian Seward et al.
==41050== Using Valgrind-3.15.0 and LibVEX; rerun with -h for copyright info
==41050== Command: ./a.out for s21_grep.c -c -n -l
==41050== Parent PID: 33305
==41050== 
==41050== 
==41050== Process terminating with default action of signal 2 (SIGINT)
==41050==    at 0x496CD39: open (open64.c:48)
==41050==    by 0x48EF015: _IO_file_open (fileops.c:189)
==41050==    by 0x48EF2D9: _IO_file_fopen@@GLIBC_2.2.5 (fileops.c:281)
==41050==    by 0x48E198D: __fopen_internal (iofopen.c:75)
==41050==    by 0x48E198D: fopen@@GLIBC_2.2.5 (iofopen.c:86)
==41050==    by 0x1099B2: what_is_flag (in /home/ilya/Рабочий стол/prodject/C3_SimpleBashUtils-2/src/grep/a.out)
==41050==    by 0x109405: main (in /home/ilya/Рабочий стол/prodject/C3_SimpleBashUtils-2/src/grep/a.out)
==41050== 
==41050== HEAP SUMMARY:
==41050==     in use at exit: 2,552 bytes in 4 blocks
==41050==   total heap usage: 4 allocs, 0 frees, 2,552 bytes allocated
==41050== 
==41050== LEAK SUMMARY:
==41050==    definitely lost: 0 bytes in 0 blocks
==41050==    indirectly lost: 0 bytes in 0 blocks
==41050==      possibly lost: 0 bytes in 0 blocks
==41050==    still reachable: 2,552 bytes in 4 blocks
==41050==         suppressed: 0 bytes in 0 blocks
==41050== Reachable blocks (those to which a pointer was found) are not shown.
==41050== To see them, rerun with: --leak-check=full --show-leak-kinds=all
==41050== 
==41050== For lists of detected and suppressed errors, rerun with: -s
==41050== ERROR SUMMARY: 0 errors from 0 contexts (suppressed: 0 from 0)
